<?xml version="1.0" encoding="UTF-8"?>
<!-- Generated by org.testng.reporters.JUnitReportReporter -->
<testsuite hostname="DESKTOP-8U88CVR" failures="0" tests="1" name="testPackage.MavenParameterization" time="5.248" errors="0" timestamp="2025-06-06T19:03:45 IST" skipped="0">
  <testcase classname="testPackage.MavenParameterization" name="launchGoogleUsingParameter" time="5.248"/>
</testsuite> <!-- testPackage.MavenParameterization -->
