<?xml version="1.0" encoding="UTF-8"?>
<!-- Generated by org.testng.reporters.JUnitReportReporter -->
<testsuite hostname="DESKTOP-8U88CVR" failures="0" tests="1" name="testPackage.AddToCartTest" time="11.201" errors="0" timestamp="2025-06-05T20:30:00 IST" skipped="0">
  <testcase classname="testPackage.AddToCartTest" name="addToCartTC_001" time="11.201">
    <system-out>
      <![CDATA[[TestCase --addToCartTC_001 Started]
Product is Added To Cart !!!
[TestCase --addToCartTC_001 Successfully Executed]]]>
    </system-out>
  </testcase> <!-- addToCartTC_001 -->
  <system-out>
    <![CDATA[[<test> --Surefire test Started the Execution]
[TestCase --addToCartTC_001 Started]
Product is Added To Cart !!!
[TestCase --addToCartTC_001 Successfully Executed]
[TestCase --removeProduct Started]
[TestCase --removeProduct Successfully Executed]]]>
  </system-out>
</testsuite> <!-- testPackage.AddToCartTest -->
