<?xml version="1.0" encoding="UTF-8"?>
<!-- Generated by org.testng.reporters.JUnitReportReporter -->
<testsuite hostname="DESKTOP-8U88CVR" failures="0" tests="1" name="testNGBikes.HondaBikeTC" time="23.056" errors="0" timestamp="2025-06-02T17:09:01 IST" skipped="0">
  <testcase classname="testNGBikes.HondaBikeTC" name="honda" time="23.056"/>
</testsuite> <!-- testNGBikes.HondaBikeTC -->
