<?xml version="1.0" encoding="UTF-8"?>
<!-- Generated by org.testng.reporters.JUnitReportReporter -->
<testsuite hostname="DESKTOP-8U88CVR" failures="0" tests="1" name="testNGBikes.RoyalEnfieldBike" time="23.073" errors="0" timestamp="2025-06-02T17:09:01 IST" skipped="0">
  <testcase classname="testNGBikes.RoyalEnfieldBike" name="royalEnfiled" time="23.073"/>
</testsuite> <!-- testNGBikes.RoyalEnfieldBike -->
