<?xml version="1.0" encoding="UTF-8"?>
<!-- Generated by org.testng.reporters.JUnitReportReporter -->
<testsuite hostname="DESKTOP-8U88CVR" failures="0" tests="1" name="testNGAssertions.ToUnderstandHardassert" time="16.525" errors="0" timestamp="2025-06-02T19:28:39 IST" skipped="0">
  <testcase classname="testNGAssertions.ToUnderstandHardassert" name="verifyElectronicsPageIsDisplayed" time="16.525"/>
</testsuite> <!-- testNGAssertions.ToUnderstandHardassert -->
