<?xml version="1.0" encoding="UTF-8"?>
<!-- Generated by org.testng.reporters.JUnitReportReporter -->
<testsuite hostname="DESKTOP-8U88CVR" failures="0" tests="1" name="testNGBikes.YamahaBikeTC" time="7.279" errors="0" timestamp="2025-06-02T17:04:06 IST" skipped="0">
  <testcase classname="testNGBikes.YamahaBikeTC" name="yamaha" time="7.279"/>
</testsuite> <!-- testNGBikes.YamahaBikeTC -->
